CRITICAL - 2024-03-22 14:58:10 --> ErrorException: Undefined variable $admin_name
in APPPATH\Views\templates\header.php on line 115.
 1 APPPATH\Views\templates\header.php(115): CodeIgniter\Debug\Exceptions->errorHandler(2, 'Undefined variable $admin_name', 'C:\\xampp\\htdocs\\svfc-edu.com\\app\\Views\\templates\\header.php', 115)
 2 SYSTEMPATH\View\View.php(228): include('C:\\xampp\\htdocs\\svfc-edu.com\\app\\Views\\templates\\header.php')
 3 SYSTEMPATH\View\View.php(231): CodeIgniter\View\View->CodeIgniter\View\{closure}()
 4 SYSTEMPATH\Common.php(1178): CodeIgniter\View\View->render('templates/header', [], true)
 5 APPPATH\Controllers\Contact_Us.php(17): view('templates/header')
 6 SYSTEMPATH\CodeIgniter.php(941): App\Controllers\Contact_Us->index()
 7 SYSTEMPATH\CodeIgniter.php(502): CodeIgniter\CodeIgniter->runController(Object(App\Controllers\Contact_Us))
 8 SYSTEMPATH\CodeIgniter.php(361): CodeIgniter\CodeIgniter->handleRequest(null, Object(Config\Cache), false)
 9 FCPATH\index.php(79): CodeIgniter\CodeIgniter->run()
CRITICAL - 2024-03-22 14:58:14 --> ErrorException: Undefined variable $admin_name
in APPPATH\Views\pages\home_view.php on line 104.
 1 APPPATH\Views\pages\home_view.php(104): CodeIgniter\Debug\Exceptions->errorHandler(2, 'Undefined variable $admin_name', 'C:\\xampp\\htdocs\\svfc-edu.com\\app\\Views\\pages\\home_view.php', 104)
 2 SYSTEMPATH\View\View.php(228): include('C:\\xampp\\htdocs\\svfc-edu.com\\app\\Views\\pages\\home_view.php')
 3 SYSTEMPATH\View\View.php(231): CodeIgniter\View\View->CodeIgniter\View\{closure}()
 4 SYSTEMPATH\Common.php(1178): CodeIgniter\View\View->render('pages/home_view', [], true)
 5 APPPATH\Controllers\Home.php(11): view('pages/home_view')
 6 SYSTEMPATH\CodeIgniter.php(941): App\Controllers\Home->index()
 7 SYSTEMPATH\CodeIgniter.php(502): CodeIgniter\CodeIgniter->runController(Object(App\Controllers\Home))
 8 SYSTEMPATH\CodeIgniter.php(361): CodeIgniter\CodeIgniter->handleRequest(null, Object(Config\Cache), false)
 9 FCPATH\index.php(79): CodeIgniter\CodeIgniter->run()
CRITICAL - 2024-03-22 14:59:57 --> ErrorException: Undefined variable $admin_name
in APPPATH\Views\pages\home_view.php on line 104.
 1 APPPATH\Views\pages\home_view.php(104): CodeIgniter\Debug\Exceptions->errorHandler(2, 'Undefined variable $admin_name', 'C:\\xampp\\htdocs\\svfc-edu.com\\app\\Views\\pages\\home_view.php', 104)
 2 SYSTEMPATH\View\View.php(228): include('C:\\xampp\\htdocs\\svfc-edu.com\\app\\Views\\pages\\home_view.php')
 3 SYSTEMPATH\View\View.php(231): CodeIgniter\View\View->CodeIgniter\View\{closure}()
 4 SYSTEMPATH\Common.php(1178): CodeIgniter\View\View->render('pages/home_view', [], true)
 5 APPPATH\Controllers\Home.php(11): view('pages/home_view')
 6 SYSTEMPATH\CodeIgniter.php(941): App\Controllers\Home->index()
 7 SYSTEMPATH\CodeIgniter.php(502): CodeIgniter\CodeIgniter->runController(Object(App\Controllers\Home))
 8 SYSTEMPATH\CodeIgniter.php(361): CodeIgniter\CodeIgniter->handleRequest(null, Object(Config\Cache), false)
 9 FCPATH\index.php(79): CodeIgniter\CodeIgniter->run()
CRITICAL - 2024-03-22 14:59:59 --> ErrorException: Undefined variable $admin_name
in APPPATH\Views\pages\home_view.php on line 104.
 1 APPPATH\Views\pages\home_view.php(104): CodeIgniter\Debug\Exceptions->errorHandler(2, 'Undefined variable $admin_name', 'C:\\xampp\\htdocs\\svfc-edu.com\\app\\Views\\pages\\home_view.php', 104)
 2 SYSTEMPATH\View\View.php(228): include('C:\\xampp\\htdocs\\svfc-edu.com\\app\\Views\\pages\\home_view.php')
 3 SYSTEMPATH\View\View.php(231): CodeIgniter\View\View->CodeIgniter\View\{closure}()
 4 SYSTEMPATH\Common.php(1178): CodeIgniter\View\View->render('pages/home_view', [], true)
 5 APPPATH\Controllers\Home.php(11): view('pages/home_view')
 6 SYSTEMPATH\CodeIgniter.php(941): App\Controllers\Home->index()
 7 SYSTEMPATH\CodeIgniter.php(502): CodeIgniter\CodeIgniter->runController(Object(App\Controllers\Home))
 8 SYSTEMPATH\CodeIgniter.php(361): CodeIgniter\CodeIgniter->handleRequest(null, Object(Config\Cache), false)
 9 FCPATH\index.php(79): CodeIgniter\CodeIgniter->run()
CRITICAL - 2024-03-22 15:00:03 --> ErrorException: Undefined variable $admin_name
in APPPATH\Views\pages\home_view.php on line 104.
 1 APPPATH\Views\pages\home_view.php(104): CodeIgniter\Debug\Exceptions->errorHandler(2, 'Undefined variable $admin_name', 'C:\\xampp\\htdocs\\svfc-edu.com\\app\\Views\\pages\\home_view.php', 104)
 2 SYSTEMPATH\View\View.php(228): include('C:\\xampp\\htdocs\\svfc-edu.com\\app\\Views\\pages\\home_view.php')
 3 SYSTEMPATH\View\View.php(231): CodeIgniter\View\View->CodeIgniter\View\{closure}()
 4 SYSTEMPATH\Common.php(1178): CodeIgniter\View\View->render('pages/home_view', [], true)
 5 APPPATH\Controllers\Home.php(11): view('pages/home_view')
 6 SYSTEMPATH\CodeIgniter.php(941): App\Controllers\Home->index()
 7 SYSTEMPATH\CodeIgniter.php(502): CodeIgniter\CodeIgniter->runController(Object(App\Controllers\Home))
 8 SYSTEMPATH\CodeIgniter.php(361): CodeIgniter\CodeIgniter->handleRequest(null, Object(Config\Cache), false)
 9 FCPATH\index.php(79): CodeIgniter\CodeIgniter->run()
CRITICAL - 2024-03-22 15:00:04 --> Error: Call to undefined method CodeIgniter\Session\Session::unset()
in APPPATH\Controllers\Contact_Us.php on line 15.
 1 SYSTEMPATH\CodeIgniter.php(941): App\Controllers\Contact_Us->index()
 2 SYSTEMPATH\CodeIgniter.php(502): CodeIgniter\CodeIgniter->runController(Object(App\Controllers\Contact_Us))
 3 SYSTEMPATH\CodeIgniter.php(361): CodeIgniter\CodeIgniter->handleRequest(null, Object(Config\Cache), false)
 4 FCPATH\index.php(79): CodeIgniter\CodeIgniter->run()
CRITICAL - 2024-03-22 15:00:06 --> Error: Call to undefined method CodeIgniter\Session\Session::unset()
in APPPATH\Controllers\Contact_Us.php on line 15.
 1 SYSTEMPATH\CodeIgniter.php(941): App\Controllers\Contact_Us->index()
 2 SYSTEMPATH\CodeIgniter.php(502): CodeIgniter\CodeIgniter->runController(Object(App\Controllers\Contact_Us))
 3 SYSTEMPATH\CodeIgniter.php(361): CodeIgniter\CodeIgniter->handleRequest(null, Object(Config\Cache), false)
 4 FCPATH\index.php(79): CodeIgniter\CodeIgniter->run()
CRITICAL - 2024-03-22 15:00:22 --> Error: Call to undefined method CodeIgniter\Session\Session::unset()
in APPPATH\Controllers\Contact_Us.php on line 15.
 1 SYSTEMPATH\CodeIgniter.php(941): App\Controllers\Contact_Us->index()
 2 SYSTEMPATH\CodeIgniter.php(502): CodeIgniter\CodeIgniter->runController(Object(App\Controllers\Contact_Us))
 3 SYSTEMPATH\CodeIgniter.php(361): CodeIgniter\CodeIgniter->handleRequest(null, Object(Config\Cache), false)
 4 FCPATH\index.php(79): CodeIgniter\CodeIgniter->run()
CRITICAL - 2024-03-22 15:00:23 --> Error: Call to undefined method CodeIgniter\Session\Session::unset()
in APPPATH\Controllers\Contact_Us.php on line 15.
 1 SYSTEMPATH\CodeIgniter.php(941): App\Controllers\Contact_Us->index()
 2 SYSTEMPATH\CodeIgniter.php(502): CodeIgniter\CodeIgniter->runController(Object(App\Controllers\Contact_Us))
 3 SYSTEMPATH\CodeIgniter.php(361): CodeIgniter\CodeIgniter->handleRequest(null, Object(Config\Cache), false)
 4 FCPATH\index.php(79): CodeIgniter\CodeIgniter->run()
CRITICAL - 2024-03-22 15:00:47 --> Error: Call to undefined method CodeIgniter\Session\Session::unset()
in APPPATH\Controllers\Contact_Us.php on line 15.
 1 SYSTEMPATH\CodeIgniter.php(941): App\Controllers\Contact_Us->index()
 2 SYSTEMPATH\CodeIgniter.php(502): CodeIgniter\CodeIgniter->runController(Object(App\Controllers\Contact_Us))
 3 SYSTEMPATH\CodeIgniter.php(361): CodeIgniter\CodeIgniter->handleRequest(null, Object(Config\Cache), false)
 4 FCPATH\index.php(79): CodeIgniter\CodeIgniter->run()
CRITICAL - 2024-03-22 15:00:48 --> Error: Call to undefined method CodeIgniter\Session\Session::unset()
in APPPATH\Controllers\Contact_Us.php on line 15.
 1 SYSTEMPATH\CodeIgniter.php(941): App\Controllers\Contact_Us->index()
 2 SYSTEMPATH\CodeIgniter.php(502): CodeIgniter\CodeIgniter->runController(Object(App\Controllers\Contact_Us))
 3 SYSTEMPATH\CodeIgniter.php(361): CodeIgniter\CodeIgniter->handleRequest(null, Object(Config\Cache), false)
 4 FCPATH\index.php(79): CodeIgniter\CodeIgniter->run()
CRITICAL - 2024-03-22 15:00:50 --> ErrorException: Undefined variable $admin_name
in APPPATH\Views\pages\home_view.php on line 104.
 1 APPPATH\Views\pages\home_view.php(104): CodeIgniter\Debug\Exceptions->errorHandler(2, 'Undefined variable $admin_name', 'C:\\xampp\\htdocs\\svfc-edu.com\\app\\Views\\pages\\home_view.php', 104)
 2 SYSTEMPATH\View\View.php(228): include('C:\\xampp\\htdocs\\svfc-edu.com\\app\\Views\\pages\\home_view.php')
 3 SYSTEMPATH\View\View.php(231): CodeIgniter\View\View->CodeIgniter\View\{closure}()
 4 SYSTEMPATH\Common.php(1178): CodeIgniter\View\View->render('pages/home_view', [], true)
 5 APPPATH\Controllers\Home.php(11): view('pages/home_view')
 6 SYSTEMPATH\CodeIgniter.php(941): App\Controllers\Home->index()
 7 SYSTEMPATH\CodeIgniter.php(502): CodeIgniter\CodeIgniter->runController(Object(App\Controllers\Home))
 8 SYSTEMPATH\CodeIgniter.php(361): CodeIgniter\CodeIgniter->handleRequest(null, Object(Config\Cache), false)
 9 FCPATH\index.php(79): CodeIgniter\CodeIgniter->run()
CRITICAL - 2024-03-22 15:01:10 --> ErrorException: Undefined variable $current_tab
in APPPATH\Views\pages\home_view.php on line 107.
 1 APPPATH\Views\pages\home_view.php(107): CodeIgniter\Debug\Exceptions->errorHandler(2, 'Undefined variable $current_tab', 'C:\\xampp\\htdocs\\svfc-edu.com\\app\\Views\\pages\\home_view.php', 107)
 2 SYSTEMPATH\View\View.php(228): include('C:\\xampp\\htdocs\\svfc-edu.com\\app\\Views\\pages\\home_view.php')
 3 SYSTEMPATH\View\View.php(231): CodeIgniter\View\View->CodeIgniter\View\{closure}()
 4 SYSTEMPATH\Common.php(1178): CodeIgniter\View\View->render('pages/home_view', [], true)
 5 APPPATH\Controllers\Home.php(11): view('pages/home_view')
 6 SYSTEMPATH\CodeIgniter.php(941): App\Controllers\Home->index()
 7 SYSTEMPATH\CodeIgniter.php(502): CodeIgniter\CodeIgniter->runController(Object(App\Controllers\Home))
 8 SYSTEMPATH\CodeIgniter.php(361): CodeIgniter\CodeIgniter->handleRequest(null, Object(Config\Cache), false)
 9 FCPATH\index.php(79): CodeIgniter\CodeIgniter->run()
CRITICAL - 2024-03-22 15:01:10 --> ErrorException: Undefined variable $current_tab
in APPPATH\Views\pages\home_view.php on line 107.
 1 APPPATH\Views\pages\home_view.php(107): CodeIgniter\Debug\Exceptions->errorHandler(2, 'Undefined variable $current_tab', 'C:\\xampp\\htdocs\\svfc-edu.com\\app\\Views\\pages\\home_view.php', 107)
 2 SYSTEMPATH\View\View.php(228): include('C:\\xampp\\htdocs\\svfc-edu.com\\app\\Views\\pages\\home_view.php')
 3 SYSTEMPATH\View\View.php(231): CodeIgniter\View\View->CodeIgniter\View\{closure}()
 4 SYSTEMPATH\Common.php(1178): CodeIgniter\View\View->render('pages/home_view', [], true)
 5 APPPATH\Controllers\Home.php(11): view('pages/home_view')
 6 SYSTEMPATH\CodeIgniter.php(941): App\Controllers\Home->index()
 7 SYSTEMPATH\CodeIgniter.php(502): CodeIgniter\CodeIgniter->runController(Object(App\Controllers\Home))
 8 SYSTEMPATH\CodeIgniter.php(361): CodeIgniter\CodeIgniter->handleRequest(null, Object(Config\Cache), false)
 9 FCPATH\index.php(79): CodeIgniter\CodeIgniter->run()
CRITICAL - 2024-03-22 15:01:50 --> ErrorException: Undefined variable $current_tab
in APPPATH\Views\pages\home_view.php on line 107.
 1 APPPATH\Views\pages\home_view.php(107): CodeIgniter\Debug\Exceptions->errorHandler(2, 'Undefined variable $current_tab', 'C:\\xampp\\htdocs\\svfc-edu.com\\app\\Views\\pages\\home_view.php', 107)
 2 SYSTEMPATH\View\View.php(228): include('C:\\xampp\\htdocs\\svfc-edu.com\\app\\Views\\pages\\home_view.php')
 3 SYSTEMPATH\View\View.php(231): CodeIgniter\View\View->CodeIgniter\View\{closure}()
 4 SYSTEMPATH\Common.php(1178): CodeIgniter\View\View->render('pages/home_view', [], true)
 5 APPPATH\Controllers\Home.php(11): view('pages/home_view')
 6 SYSTEMPATH\CodeIgniter.php(941): App\Controllers\Home->index()
 7 SYSTEMPATH\CodeIgniter.php(502): CodeIgniter\CodeIgniter->runController(Object(App\Controllers\Home))
 8 SYSTEMPATH\CodeIgniter.php(361): CodeIgniter\CodeIgniter->handleRequest(null, Object(Config\Cache), false)
 9 FCPATH\index.php(79): CodeIgniter\CodeIgniter->run()
CRITICAL - 2024-03-22 15:01:54 --> ErrorException: Undefined variable $current_tab
in APPPATH\Views\pages\home_view.php on line 107.
 1 APPPATH\Views\pages\home_view.php(107): CodeIgniter\Debug\Exceptions->errorHandler(2, 'Undefined variable $current_tab', 'C:\\xampp\\htdocs\\svfc-edu.com\\app\\Views\\pages\\home_view.php', 107)
 2 SYSTEMPATH\View\View.php(228): include('C:\\xampp\\htdocs\\svfc-edu.com\\app\\Views\\pages\\home_view.php')
 3 SYSTEMPATH\View\View.php(231): CodeIgniter\View\View->CodeIgniter\View\{closure}()
 4 SYSTEMPATH\Common.php(1178): CodeIgniter\View\View->render('pages/home_view', [], true)
 5 APPPATH\Controllers\Home.php(11): view('pages/home_view')
 6 SYSTEMPATH\CodeIgniter.php(941): App\Controllers\Home->index()
 7 SYSTEMPATH\CodeIgniter.php(502): CodeIgniter\CodeIgniter->runController(Object(App\Controllers\Home))
 8 SYSTEMPATH\CodeIgniter.php(361): CodeIgniter\CodeIgniter->handleRequest(null, Object(Config\Cache), false)
 9 FCPATH\index.php(79): CodeIgniter\CodeIgniter->run()
CRITICAL - 2024-03-22 15:01:59 --> ErrorException: Undefined variable $current_tab
in APPPATH\Views\pages\home_view.php on line 107.
 1 APPPATH\Views\pages\home_view.php(107): CodeIgniter\Debug\Exceptions->errorHandler(2, 'Undefined variable $current_tab', 'C:\\xampp\\htdocs\\svfc-edu.com\\app\\Views\\pages\\home_view.php', 107)
 2 SYSTEMPATH\View\View.php(228): include('C:\\xampp\\htdocs\\svfc-edu.com\\app\\Views\\pages\\home_view.php')
 3 SYSTEMPATH\View\View.php(231): CodeIgniter\View\View->CodeIgniter\View\{closure}()
 4 SYSTEMPATH\Common.php(1178): CodeIgniter\View\View->render('pages/home_view', [], true)
 5 APPPATH\Controllers\Home.php(11): view('pages/home_view')
 6 SYSTEMPATH\CodeIgniter.php(941): App\Controllers\Home->index()
 7 SYSTEMPATH\CodeIgniter.php(502): CodeIgniter\CodeIgniter->runController(Object(App\Controllers\Home))
 8 SYSTEMPATH\CodeIgniter.php(361): CodeIgniter\CodeIgniter->handleRequest(null, Object(Config\Cache), false)
 9 FCPATH\index.php(79): CodeIgniter\CodeIgniter->run()
CRITICAL - 2024-03-22 15:02:15 --> ErrorException: Undefined variable $current_tab
in APPPATH\Views\pages\home_view.php on line 107.
 1 APPPATH\Views\pages\home_view.php(107): CodeIgniter\Debug\Exceptions->errorHandler(2, 'Undefined variable $current_tab', 'C:\\xampp\\htdocs\\svfc-edu.com\\app\\Views\\pages\\home_view.php', 107)
 2 SYSTEMPATH\View\View.php(228): include('C:\\xampp\\htdocs\\svfc-edu.com\\app\\Views\\pages\\home_view.php')
 3 SYSTEMPATH\View\View.php(231): CodeIgniter\View\View->CodeIgniter\View\{closure}()
 4 SYSTEMPATH\Common.php(1178): CodeIgniter\View\View->render('pages/home_view', [], true)
 5 APPPATH\Controllers\Home.php(11): view('pages/home_view')
 6 SYSTEMPATH\CodeIgniter.php(941): App\Controllers\Home->index()
 7 SYSTEMPATH\CodeIgniter.php(502): CodeIgniter\CodeIgniter->runController(Object(App\Controllers\Home))
 8 SYSTEMPATH\CodeIgniter.php(361): CodeIgniter\CodeIgniter->handleRequest(null, Object(Config\Cache), false)
 9 FCPATH\index.php(79): CodeIgniter\CodeIgniter->run()
CRITICAL - 2024-03-22 15:02:16 --> ErrorException: Undefined variable $current_tab
in APPPATH\Views\pages\home_view.php on line 107.
 1 APPPATH\Views\pages\home_view.php(107): CodeIgniter\Debug\Exceptions->errorHandler(2, 'Undefined variable $current_tab', 'C:\\xampp\\htdocs\\svfc-edu.com\\app\\Views\\pages\\home_view.php', 107)
 2 SYSTEMPATH\View\View.php(228): include('C:\\xampp\\htdocs\\svfc-edu.com\\app\\Views\\pages\\home_view.php')
 3 SYSTEMPATH\View\View.php(231): CodeIgniter\View\View->CodeIgniter\View\{closure}()
 4 SYSTEMPATH\Common.php(1178): CodeIgniter\View\View->render('pages/home_view', [], true)
 5 APPPATH\Controllers\Home.php(11): view('pages/home_view')
 6 SYSTEMPATH\CodeIgniter.php(941): App\Controllers\Home->index()
 7 SYSTEMPATH\CodeIgniter.php(502): CodeIgniter\CodeIgniter->runController(Object(App\Controllers\Home))
 8 SYSTEMPATH\CodeIgniter.php(361): CodeIgniter\CodeIgniter->handleRequest(null, Object(Config\Cache), false)
 9 FCPATH\index.php(79): CodeIgniter\CodeIgniter->run()
CRITICAL - 2024-03-22 15:02:41 --> Error: Call to undefined method CodeIgniter\Session\Session::unset()
in APPPATH\Controllers\Contact_Us.php on line 15.
 1 SYSTEMPATH\CodeIgniter.php(941): App\Controllers\Contact_Us->index()
 2 SYSTEMPATH\CodeIgniter.php(502): CodeIgniter\CodeIgniter->runController(Object(App\Controllers\Contact_Us))
 3 SYSTEMPATH\CodeIgniter.php(361): CodeIgniter\CodeIgniter->handleRequest(null, Object(Config\Cache), false)
 4 FCPATH\index.php(79): CodeIgniter\CodeIgniter->run()
CRITICAL - 2024-03-22 15:02:47 --> Error: Call to undefined method CodeIgniter\Session\Session::unset()
in APPPATH\Controllers\Contact_Us.php on line 15.
 1 SYSTEMPATH\CodeIgniter.php(941): App\Controllers\Contact_Us->index()
 2 SYSTEMPATH\CodeIgniter.php(502): CodeIgniter\CodeIgniter->runController(Object(App\Controllers\Contact_Us))
 3 SYSTEMPATH\CodeIgniter.php(361): CodeIgniter\CodeIgniter->handleRequest(null, Object(Config\Cache), false)
 4 FCPATH\index.php(79): CodeIgniter\CodeIgniter->run()
CRITICAL - 2024-03-22 15:10:34 --> ErrorException: Undefined variable $current_tab
in APPPATH\Views\pages\home_view.php on line 108.
 1 APPPATH\Views\pages\home_view.php(108): CodeIgniter\Debug\Exceptions->errorHandler(2, 'Undefined variable $current_tab', 'C:\\xampp\\htdocs\\svfc-edu.com\\app\\Views\\pages\\home_view.php', 108)
 2 SYSTEMPATH\View\View.php(228): include('C:\\xampp\\htdocs\\svfc-edu.com\\app\\Views\\pages\\home_view.php')
 3 SYSTEMPATH\View\View.php(231): CodeIgniter\View\View->CodeIgniter\View\{closure}()
 4 SYSTEMPATH\Common.php(1178): CodeIgniter\View\View->render('pages/home_view', [], true)
 5 APPPATH\Controllers\Home.php(11): view('pages/home_view')
 6 SYSTEMPATH\CodeIgniter.php(941): App\Controllers\Home->index()
 7 SYSTEMPATH\CodeIgniter.php(502): CodeIgniter\CodeIgniter->runController(Object(App\Controllers\Home))
 8 SYSTEMPATH\CodeIgniter.php(361): CodeIgniter\CodeIgniter->handleRequest(null, Object(Config\Cache), false)
 9 FCPATH\index.php(79): CodeIgniter\CodeIgniter->run()
