CRITICAL - 2024-03-15 05:06:41 --> ErrorException: Undefined variable $isSchoolOpen
in APPPATH\Views\pages\admin_view.php on line 86.
 1 APPPATH\Views\pages\admin_view.php(86): CodeIgniter\Debug\Exceptions->errorHandler(2, 'Undefined variable $isSchoolOpen', 'C:\\xampp\\htdocs\\svfc-edu.com\\app\\Views\\pages\\admin_view.php', 86)
 2 SYSTEMPATH\View\View.php(228): include('C:\\xampp\\htdocs\\svfc-edu.com\\app\\Views\\pages\\admin_view.php')
 3 SYSTEMPATH\View\View.php(231): CodeIgniter\View\View->CodeIgniter\View\{closure}()
 4 SYSTEMPATH\Common.php(1178): CodeIgniter\View\View->render('pages/admin_view', [], true)
 5 APPPATH\Controllers\Admin.php(12): view('pages/admin_view')
 6 SYSTEMPATH\CodeIgniter.php(941): App\Controllers\Admin->index()
 7 SYSTEMPATH\CodeIgniter.php(502): CodeIgniter\CodeIgniter->runController(Object(App\Controllers\Admin))
 8 SYSTEMPATH\CodeIgniter.php(361): CodeIgniter\CodeIgniter->handleRequest(null, Object(Config\Cache), false)
 9 FCPATH\index.php(79): CodeIgniter\CodeIgniter->run()
CRITICAL - 2024-03-15 05:29:02 --> ErrorException: Attempt to read property "name" on array
in APPPATH\Views\pages\admin_view.php on line 21.
 1 APPPATH\Views\pages\admin_view.php(21): CodeIgniter\Debug\Exceptions->errorHandler(2, 'Attempt to read property "name" on array', 'C:\\xampp\\htdocs\\svfc-edu.com\\app\\Views\\pages\\admin_view.php', 21)
 2 SYSTEMPATH\View\View.php(228): include('C:\\xampp\\htdocs\\svfc-edu.com\\app\\Views\\pages\\admin_view.php')
 3 SYSTEMPATH\View\View.php(231): CodeIgniter\View\View->CodeIgniter\View\{closure}()
 4 SYSTEMPATH\Common.php(1178): CodeIgniter\View\View->render('pages/admin_view', [], true)
 5 APPPATH\Controllers\Admin.php(18): view('pages/admin_view')
 6 SYSTEMPATH\CodeIgniter.php(941): App\Controllers\Admin->index()
 7 SYSTEMPATH\CodeIgniter.php(502): CodeIgniter\CodeIgniter->runController(Object(App\Controllers\Admin))
 8 SYSTEMPATH\CodeIgniter.php(361): CodeIgniter\CodeIgniter->handleRequest(null, Object(Config\Cache), false)
 9 FCPATH\index.php(79): CodeIgniter\CodeIgniter->run()
CRITICAL - 2024-03-15 05:30:22 --> ErrorException: Attempt to read property "name" on array
in APPPATH\Views\pages\admin_view.php on line 27.
 1 APPPATH\Views\pages\admin_view.php(27): CodeIgniter\Debug\Exceptions->errorHandler(2, 'Attempt to read property "name" on array', 'C:\\xampp\\htdocs\\svfc-edu.com\\app\\Views\\pages\\admin_view.php', 27)
 2 SYSTEMPATH\View\View.php(228): include('C:\\xampp\\htdocs\\svfc-edu.com\\app\\Views\\pages\\admin_view.php')
 3 SYSTEMPATH\View\View.php(231): CodeIgniter\View\View->CodeIgniter\View\{closure}()
 4 SYSTEMPATH\Common.php(1178): CodeIgniter\View\View->render('pages/admin_view', [], true)
 5 APPPATH\Controllers\Admin.php(18): view('pages/admin_view')
 6 SYSTEMPATH\CodeIgniter.php(941): App\Controllers\Admin->index()
 7 SYSTEMPATH\CodeIgniter.php(502): CodeIgniter\CodeIgniter->runController(Object(App\Controllers\Admin))
 8 SYSTEMPATH\CodeIgniter.php(361): CodeIgniter\CodeIgniter->handleRequest(null, Object(Config\Cache), false)
 9 FCPATH\index.php(79): CodeIgniter\CodeIgniter->run()
